<?xml version="1.0" encoding="UTF-8"?>
<coverage generated="1710272288983" clover="3.2.0">
  <project timestamp="1710272288983" name="All files">
    <metrics statements="66" coveredstatements="55" conditionals="16" coveredconditionals="3" methods="18" coveredmethods="13" elements="100" coveredelements="71" complexity="0" loc="66" ncloc="66" packages="6" files="11" classes="11"/>
    <package name="external.adapters.uuid">
      <metrics statements="7" coveredstatements="7" conditionals="0" coveredconditionals="0" methods="2" coveredmethods="2"/>
      <file name="UuidAdapter.ts" path="C:\Users\ygore\Documents\2-areas\Ulbra\quinto-semestre\modelagem-de-software\aula-1\src\external\adapters\uuid\UuidAdapter.ts">
        <metrics statements="4" coveredstatements="4" conditionals="0" coveredconditionals="0" methods="2" coveredmethods="2"/>
        <line num="2" count="1" type="stmt"/>
        <line num="4" count="1" type="stmt"/>
        <line num="6" count="2" type="stmt"/>
        <line num="9" count="2" type="stmt"/>
      </file>
      <file name="UuidAdapterInstance.ts" path="C:\Users\ygore\Documents\2-areas\Ulbra\quinto-semestre\modelagem-de-software\aula-1\src\external\adapters\uuid\UuidAdapterInstance.ts">
        <metrics statements="3" coveredstatements="3" conditionals="0" coveredconditionals="0" methods="0" coveredmethods="0"/>
        <line num="1" count="1" type="stmt"/>
        <line num="3" count="1" type="stmt"/>
        <line num="4" count="1" type="stmt"/>
      </file>
    </package>
    <package name="rules.course.model">
      <metrics statements="7" coveredstatements="7" conditionals="0" coveredconditionals="0" methods="1" coveredmethods="1"/>
      <file name="Course.ts" path="C:\Users\ygore\Documents\2-areas\Ulbra\quinto-semestre\modelagem-de-software\aula-1\src\rules\course\model\Course.ts">
        <metrics statements="7" coveredstatements="7" conditionals="0" coveredconditionals="0" methods="1" coveredmethods="1"/>
        <line num="2" count="1" type="stmt"/>
        <line num="3" count="1" type="stmt"/>
        <line num="4" count="1" type="stmt"/>
        <line num="6" count="1" type="stmt"/>
        <line num="15" count="1" type="stmt"/>
        <line num="16" count="1" type="stmt"/>
        <line num="17" count="1" type="stmt"/>
      </file>
    </package>
    <package name="rules.shared">
      <metrics statements="5" coveredstatements="3" conditionals="0" coveredconditionals="0" methods="3" coveredmethods="1"/>
      <file name="entity.ts" path="C:\Users\ygore\Documents\2-areas\Ulbra\quinto-semestre\modelagem-de-software\aula-1\src\rules\shared\entity.ts">
        <metrics statements="5" coveredstatements="3" conditionals="0" coveredconditionals="0" methods="3" coveredmethods="1"/>
        <line num="1" count="1" type="stmt"/>
        <line num="3" count="1" type="stmt"/>
        <line num="9" count="2" type="stmt"/>
        <line num="13" count="0" type="stmt"/>
        <line num="17" count="0" type="stmt"/>
      </file>
    </package>
    <package name="rules.shared.value-objects">
      <metrics statements="34" coveredstatements="25" conditionals="16" coveredconditionals="3" methods="9" coveredmethods="6"/>
      <file name="Age.ts" path="C:\Users\ygore\Documents\2-areas\Ulbra\quinto-semestre\modelagem-de-software\aula-1\src\rules\shared\value-objects\Age.ts">
        <metrics statements="4" coveredstatements="4" conditionals="2" coveredconditionals="0" methods="1" coveredmethods="1"/>
        <line num="1" count="1" type="stmt"/>
        <line num="3" count="1" type="stmt"/>
        <line num="5" count="1" type="cond" truecount="0" falsecount="1"/>
        <line num="6" count="1" type="cond" truecount="0" falsecount="1"/>
      </file>
      <file name="Duration.ts" path="C:\Users\ygore\Documents\2-areas\Ulbra\quinto-semestre\modelagem-de-software\aula-1\src\rules\shared\value-objects\Duration.ts">
        <metrics statements="10" coveredstatements="2" conditionals="4" coveredconditionals="0" methods="3" coveredmethods="1"/>
        <line num="1" count="1" type="stmt"/>
        <line num="3" count="1" type="stmt"/>
        <line num="7" count="0" type="stmt"/>
        <line num="8" count="0" type="stmt"/>
        <line num="9" count="0" type="stmt"/>
        <line num="11" count="0" type="cond" truecount="0" falsecount="3"/>
        <line num="12" count="0" type="cond" truecount="0" falsecount="1"/>
        <line num="13" count="0" type="stmt"/>
        <line num="17" count="0" type="stmt"/>
        <line num="18" count="0" type="stmt"/>
      </file>
      <file name="Id.ts" path="C:\Users\ygore\Documents\2-areas\Ulbra\quinto-semestre\modelagem-de-software\aula-1\src\rules\shared\value-objects\Id.ts">
        <metrics statements="4" coveredstatements="4" conditionals="2" coveredconditionals="1" methods="1" coveredmethods="1"/>
        <line num="1" count="1" type="stmt"/>
        <line num="3" count="1" type="stmt"/>
        <line num="5" count="2" type="cond" truecount="1" falsecount="0"/>
        <line num="7" count="2" type="cond" truecount="0" falsecount="1"/>
      </file>
      <file name="Name.ts" path="C:\Users\ygore\Documents\2-areas\Ulbra\quinto-semestre\modelagem-de-software\aula-1\src\rules\shared\value-objects\Name.ts">
        <metrics statements="13" coveredstatements="12" conditionals="7" coveredconditionals="2" methods="3" coveredmethods="2"/>
        <line num="1" count="1" type="stmt"/>
        <line num="3" count="2" type="stmt"/>
        <line num="4" count="2" type="cond" truecount="1" falsecount="0"/>
        <line num="5" count="2" type="cond" truecount="1" falsecount="0"/>
        <line num="7" count="2" type="cond" truecount="0" falsecount="1"/>
        <line num="8" count="2" type="cond" truecount="0" falsecount="1"/>
        <line num="9" count="2" type="cond" truecount="0" falsecount="1"/>
        <line num="10" count="2" type="cond" truecount="0" falsecount="1"/>
        <line num="11" count="2" type="cond" truecount="0" falsecount="1"/>
        <line num="15" count="2" type="stmt"/>
        <line num="16" count="2" type="stmt"/>
        <line num="17" count="2" type="stmt"/>
        <line num="21" count="0" type="stmt"/>
      </file>
      <file name="Registration.ts" path="C:\Users\ygore\Documents\2-areas\Ulbra\quinto-semestre\modelagem-de-software\aula-1\src\rules\shared\value-objects\Registration.ts">
        <metrics statements="3" coveredstatements="3" conditionals="1" coveredconditionals="0" methods="1" coveredmethods="1"/>
        <line num="1" count="1" type="stmt"/>
        <line num="3" count="1" type="stmt"/>
        <line num="5" count="1" type="cond" truecount="0" falsecount="1"/>
      </file>
    </package>
    <package name="rules.student.application-service">
      <metrics statements="2" coveredstatements="2" conditionals="0" coveredconditionals="0" methods="1" coveredmethods="1"/>
      <file name="ShowInformations.ts" path="C:\Users\ygore\Documents\2-areas\Ulbra\quinto-semestre\modelagem-de-software\aula-1\src\rules\student\application-service\ShowInformations.ts">
        <metrics statements="2" coveredstatements="2" conditionals="0" coveredconditionals="0" methods="1" coveredmethods="1"/>
        <line num="4" count="1" type="stmt"/>
        <line num="6" count="1" type="stmt"/>
      </file>
    </package>
    <package name="rules.student.model">
      <metrics statements="11" coveredstatements="11" conditionals="0" coveredconditionals="0" methods="2" coveredmethods="2"/>
      <file name="Student.ts" path="C:\Users\ygore\Documents\2-areas\Ulbra\quinto-semestre\modelagem-de-software\aula-1\src\rules\student\model\Student.ts">
        <metrics statements="11" coveredstatements="11" conditionals="0" coveredconditionals="0" methods="2" coveredmethods="2"/>
        <line num="2" count="1" type="stmt"/>
        <line num="3" count="1" type="stmt"/>
        <line num="4" count="1" type="stmt"/>
        <line num="5" count="1" type="stmt"/>
        <line num="8" count="1" type="stmt"/>
        <line num="21" count="1" type="stmt"/>
        <line num="22" count="1" type="stmt"/>
        <line num="23" count="1" type="stmt"/>
        <line num="24" count="1" type="stmt"/>
        <line num="25" count="1" type="stmt"/>
        <line num="29" count="1" type="stmt"/>
      </file>
    </package>
  </project>
</coverage>
