{"C:\\Users\\ygore\\Documents\\2-areas\\Ulbra\\quinto-semestre\\modelagem-de-software\\aula-1\\src\\external\\adapters\\uuid\\UuidAdapter.ts": {"path":"C:\\Users\\ygore\\Documents\\2-areas\\Ulbra\\quinto-semestre\\modelagem-de-software\\aula-1\\src\\external\\adapters\\uuid\\UuidAdapter.ts","statementMap":{"0":{"start":{"line":2,"column":0},"end":{"line":2,"column":46}},"1":{"start":{"line":6,"column":8},"end":{"line":6,"column":24}},"2":{"start":{"line":9,"column":8},"end":{"line":9,"column":31}},"3":{"start":{"line":4,"column":0},"end":{"line":4,"column":21}}},"fnMap":{"0":{"name":"(anonymous_0)","decl":{"start":{"line":5,"column":4},"end":{"line":5,"column":14}},"loc":{"start":{"line":5,"column":14},"end":{"line":7,"column":5}}},"1":{"name":"(anonymous_1)","decl":{"start":{"line":8,"column":4},"end":{"line":8,"column":12}},"loc":{"start":{"line":8,"column":26},"end":{"line":10,"column":5}}}},"branchMap":{},"s":{"0":1,"1":2,"2":2,"3":1},"f":{"0":2,"1":2},"b":{}}
,"C:\\Users\\ygore\\Documents\\2-areas\\Ulbra\\quinto-semestre\\modelagem-de-software\\aula-1\\src\\external\\adapters\\uuid\\UuidAdapterInstance.ts": {"path":"C:\\Users\\ygore\\Documents\\2-areas\\Ulbra\\quinto-semestre\\modelagem-de-software\\aula-1\\src\\external\\adapters\\uuid\\UuidAdapterInstance.ts","statementMap":{"0":{"start":{"line":1,"column":0},"end":{"line":1,"column":40}},"1":{"start":{"line":3,"column":28},"end":{"line":3,"column":45}},"2":{"start":{"line":4,"column":0},"end":{"line":4,"column":35}}},"fnMap":{},"branchMap":{},"s":{"0":1,"1":1,"2":1},"f":{},"b":{}}
,"C:\\Users\\ygore\\Documents\\2-areas\\Ulbra\\quinto-semestre\\modelagem-de-software\\aula-1\\src\\rules\\course\\model\\Course.ts": {"path":"C:\\Users\\ygore\\Documents\\2-areas\\Ulbra\\quinto-semestre\\modelagem-de-software\\aula-1\\src\\rules\\course\\model\\Course.ts","statementMap":{"0":{"start":{"line":2,"column":0},"end":{"line":2,"column":43}},"1":{"start":{"line":3,"column":0},"end":{"line":3,"column":61}},"2":{"start":{"line":4,"column":0},"end":{"line":4,"column":53}},"3":{"start":{"line":15,"column":8},"end":{"line":15,"column":19}},"4":{"start":{"line":16,"column":8},"end":{"line":16,"column":35}},"5":{"start":{"line":17,"column":8},"end":{"line":17,"column":47}},"6":{"start":{"line":6,"column":0},"end":{"line":6,"column":21}}},"fnMap":{"0":{"name":"(anonymous_1)","decl":{"start":{"line":10,"column":4},"end":{"line":10,"column":16}},"loc":{"start":{"line":14,"column":18},"end":{"line":18,"column":5}}}},"branchMap":{},"s":{"0":1,"1":1,"2":1,"3":1,"4":1,"5":1,"6":1},"f":{"0":1},"b":{}}
,"C:\\Users\\ygore\\Documents\\2-areas\\Ulbra\\quinto-semestre\\modelagem-de-software\\aula-1\\src\\rules\\shared\\entity.ts": {"path":"C:\\Users\\ygore\\Documents\\2-areas\\Ulbra\\quinto-semestre\\modelagem-de-software\\aula-1\\src\\rules\\shared\\entity.ts","statementMap":{"0":{"start":{"line":1,"column":0},"end":{"line":1,"column":36}},"1":{"start":{"line":9,"column":8},"end":{"line":9,"column":29}},"2":{"start":{"line":13,"column":8},"end":{"line":13,"column":49}},"3":{"start":{"line":17,"column":8},"end":{"line":17,"column":35}},"4":{"start":{"line":3,"column":0},"end":{"line":3,"column":21}}},"fnMap":{"0":{"name":"(anonymous_1)","decl":{"start":{"line":6,"column":4},"end":{"line":6,"column":null}},"loc":{"start":{"line":7,"column":18},"end":{"line":10,"column":5}}},"1":{"name":"(anonymous_2)","decl":{"start":{"line":12,"column":4},"end":{"line":12,"column":10}},"loc":{"start":{"line":12,"column":25},"end":{"line":14,"column":5}}},"2":{"name":"(anonymous_3)","decl":{"start":{"line":16,"column":4},"end":{"line":16,"column":13}},"loc":{"start":{"line":16,"column":28},"end":{"line":18,"column":5}}}},"branchMap":{},"s":{"0":1,"1":2,"2":0,"3":0,"4":1},"f":{"0":2,"1":0,"2":0},"b":{}}
,"C:\\Users\\ygore\\Documents\\2-areas\\Ulbra\\quinto-semestre\\modelagem-de-software\\aula-1\\src\\rules\\shared\\value-objects\\Age.ts": {"path":"C:\\Users\\ygore\\Documents\\2-areas\\Ulbra\\quinto-semestre\\modelagem-de-software\\aula-1\\src\\rules\\shared\\value-objects\\Age.ts","statementMap":{"0":{"start":{"line":3,"column":17},"end":{"line":3,"column":30}},"1":{"start":{"line":5,"column":8},"end":{"line":5,"column":57}},"2":{"start":{"line":5,"column":23},"end":{"line":5,"column":57}},"3":{"start":{"line":6,"column":8},"end":{"line":6,"column":59}},"4":{"start":{"line":6,"column":25},"end":{"line":6,"column":59}},"5":{"start":{"line":1,"column":0},"end":{"line":1,"column":21}}},"fnMap":{"0":{"name":"(anonymous_0)","decl":{"start":{"line":2,"column":4},"end":{"line":2,"column":null}},"loc":{"start":{"line":3,"column":30},"end":{"line":7,"column":5}}}},"branchMap":{"0":{"loc":{"start":{"line":5,"column":8},"end":{"line":5,"column":57}},"type":"if","locations":[{"start":{"line":5,"column":8},"end":{"line":5,"column":57}}]},"1":{"loc":{"start":{"line":6,"column":8},"end":{"line":6,"column":59}},"type":"if","locations":[{"start":{"line":6,"column":8},"end":{"line":6,"column":59}}]}},"s":{"0":1,"1":1,"2":0,"3":1,"4":0,"5":1},"f":{"0":1},"b":{"0":[0],"1":[0]}}
,"C:\\Users\\ygore\\Documents\\2-areas\\Ulbra\\quinto-semestre\\modelagem-de-software\\aula-1\\src\\rules\\shared\\value-objects\\Duration.ts": {"path":"C:\\Users\\ygore\\Documents\\2-areas\\Ulbra\\quinto-semestre\\modelagem-de-software\\aula-1\\src\\rules\\shared\\value-objects\\Duration.ts","statementMap":{"0":{"start":{"line":3,"column":17},"end":{"line":3,"column":32}},"1":{"start":{"line":7,"column":41},"end":{"line":7,"column":43}},"2":{"start":{"line":8,"column":22},"end":{"line":8,"column":73}},"3":{"start":{"line":9,"column":24},"end":{"line":9,"column":63}},"4":{"start":{"line":11,"column":8},"end":{"line":11,"column":67}},"5":{"start":{"line":11,"column":38},"end":{"line":11,"column":67}},"6":{"start":{"line":12,"column":8},"end":{"line":12,"column":41}},"7":{"start":{"line":12,"column":23},"end":{"line":12,"column":41}},"8":{"start":{"line":13,"column":8},"end":{"line":13,"column":30}},"9":{"start":{"line":17,"column":43},"end":{"line":17,"column":45}},"10":{"start":{"line":18,"column":8},"end":{"line":18,"column":57}},"11":{"start":{"line":1,"column":0},"end":{"line":1,"column":21}}},"fnMap":{"0":{"name":"(anonymous_0)","decl":{"start":{"line":2,"column":4},"end":{"line":2,"column":null}},"loc":{"start":{"line":3,"column":32},"end":{"line":4,"column":9}}},"1":{"name":"(anonymous_1)","decl":{"start":{"line":6,"column":4},"end":{"line":6,"column":9}},"loc":{"start":{"line":6,"column":9},"end":{"line":14,"column":5}}},"2":{"name":"(anonymous_2)","decl":{"start":{"line":16,"column":4},"end":{"line":16,"column":11}},"loc":{"start":{"line":16,"column":11},"end":{"line":19,"column":5}}}},"branchMap":{"0":{"loc":{"start":{"line":11,"column":8},"end":{"line":11,"column":67}},"type":"if","locations":[{"start":{"line":11,"column":8},"end":{"line":11,"column":67}}]},"1":{"loc":{"start":{"line":11,"column":12},"end":{"line":11,"column":36}},"type":"binary-expr","locations":[{"start":{"line":11,"column":12},"end":{"line":11,"column":21}},{"start":{"line":11,"column":25},"end":{"line":11,"column":36}}]},"2":{"loc":{"start":{"line":12,"column":8},"end":{"line":12,"column":41}},"type":"if","locations":[{"start":{"line":12,"column":8},"end":{"line":12,"column":41}}]}},"s":{"0":1,"1":0,"2":0,"3":0,"4":0,"5":0,"6":0,"7":0,"8":0,"9":0,"10":0,"11":1},"f":{"0":1,"1":0,"2":0},"b":{"0":[0],"1":[0,0],"2":[0]}}
,"C:\\Users\\ygore\\Documents\\2-areas\\Ulbra\\quinto-semestre\\modelagem-de-software\\aula-1\\src\\rules\\shared\\value-objects\\Id.ts": {"path":"C:\\Users\\ygore\\Documents\\2-areas\\Ulbra\\quinto-semestre\\modelagem-de-software\\aula-1\\src\\rules\\shared\\value-objects\\Id.ts","statementMap":{"0":{"start":{"line":1,"column":0},"end":{"line":1,"column":79}},"1":{"start":{"line":5,"column":17},"end":{"line":5,"column":33}},"2":{"start":{"line":7,"column":8},"end":{"line":7,"column":86}},"3":{"start":{"line":7,"column":55},"end":{"line":7,"column":86}},"4":{"start":{"line":3,"column":0},"end":{"line":3,"column":21}}},"fnMap":{"0":{"name":"(anonymous_1)","decl":{"start":{"line":4,"column":4},"end":{"line":4,"column":null}},"loc":{"start":{"line":5,"column":65},"end":{"line":8,"column":5}}}},"branchMap":{"0":{"loc":{"start":{"line":5,"column":17},"end":{"line":5,"column":65}},"type":"default-arg","locations":[{"start":{"line":5,"column":33},"end":{"line":5,"column":65}}]},"1":{"loc":{"start":{"line":7,"column":8},"end":{"line":7,"column":86}},"type":"if","locations":[{"start":{"line":7,"column":8},"end":{"line":7,"column":86}}]}},"s":{"0":1,"1":2,"2":2,"3":0,"4":1},"f":{"0":2},"b":{"0":[2],"1":[0]}}
,"C:\\Users\\ygore\\Documents\\2-areas\\Ulbra\\quinto-semestre\\modelagem-de-software\\aula-1\\src\\rules\\shared\\value-objects\\Name.ts": {"path":"C:\\Users\\ygore\\Documents\\2-areas\\Ulbra\\quinto-semestre\\modelagem-de-software\\aula-1\\src\\rules\\shared\\value-objects\\Name.ts","statementMap":{"0":{"start":{"line":3,"column":17},"end":{"line":3,"column":33}},"1":{"start":{"line":4,"column":17},"end":{"line":4,"column":31}},"2":{"start":{"line":5,"column":17},"end":{"line":5,"column":31}},"3":{"start":{"line":7,"column":8},"end":{"line":7,"column":89}},"4":{"start":{"line":7,"column":23},"end":{"line":7,"column":89}},"5":{"start":{"line":8,"column":8},"end":{"line":8,"column":61}},"6":{"start":{"line":8,"column":23},"end":{"line":8,"column":61}},"7":{"start":{"line":9,"column":8},"end":{"line":9,"column":102}},"8":{"start":{"line":9,"column":35},"end":{"line":9,"column":102}},"9":{"start":{"line":10,"column":8},"end":{"line":10,"column":102}},"10":{"start":{"line":10,"column":35},"end":{"line":10,"column":102}},"11":{"start":{"line":11,"column":8},"end":{"line":11,"column":110}},"12":{"start":{"line":11,"column":49},"end":{"line":11,"column":110}},"13":{"start":{"line":15,"column":30},"end":{"line":15,"column":83}},"14":{"start":{"line":16,"column":22},"end":{"line":16,"column":38}},"15":{"start":{"line":17,"column":8},"end":{"line":17,"column":41}},"16":{"start":{"line":21,"column":8},"end":{"line":21,"column":62}},"17":{"start":{"line":1,"column":0},"end":{"line":1,"column":21}}},"fnMap":{"0":{"name":"(anonymous_0)","decl":{"start":{"line":2,"column":4},"end":{"line":2,"column":null}},"loc":{"start":{"line":5,"column":34},"end":{"line":12,"column":5}}},"1":{"name":"(anonymous_1)","decl":{"start":{"line":14,"column":12},"end":{"line":14,"column":32}},"loc":{"start":{"line":14,"column":45},"end":{"line":18,"column":5}}},"2":{"name":"(anonymous_2)","decl":{"start":{"line":20,"column":4},"end":{"line":20,"column":11}},"loc":{"start":{"line":20,"column":38},"end":{"line":22,"column":5}}}},"branchMap":{"0":{"loc":{"start":{"line":4,"column":17},"end":{"line":4,"column":32}},"type":"default-arg","locations":[{"start":{"line":4,"column":31},"end":{"line":4,"column":32}}]},"1":{"loc":{"start":{"line":5,"column":17},"end":{"line":5,"column":34}},"type":"default-arg","locations":[{"start":{"line":5,"column":31},"end":{"line":5,"column":34}}]},"2":{"loc":{"start":{"line":7,"column":8},"end":{"line":7,"column":89}},"type":"if","locations":[{"start":{"line":7,"column":8},"end":{"line":7,"column":89}}]},"3":{"loc":{"start":{"line":8,"column":8},"end":{"line":8,"column":61}},"type":"if","locations":[{"start":{"line":8,"column":8},"end":{"line":8,"column":61}}]},"4":{"loc":{"start":{"line":9,"column":8},"end":{"line":9,"column":102}},"type":"if","locations":[{"start":{"line":9,"column":8},"end":{"line":9,"column":102}}]},"5":{"loc":{"start":{"line":10,"column":8},"end":{"line":10,"column":102}},"type":"if","locations":[{"start":{"line":10,"column":8},"end":{"line":10,"column":102}}]},"6":{"loc":{"start":{"line":11,"column":8},"end":{"line":11,"column":110}},"type":"if","locations":[{"start":{"line":11,"column":8},"end":{"line":11,"column":110}}]}},"s":{"0":2,"1":2,"2":2,"3":2,"4":0,"5":2,"6":0,"7":2,"8":0,"9":2,"10":0,"11":2,"12":0,"13":2,"14":2,"15":2,"16":0,"17":1},"f":{"0":2,"1":2,"2":0},"b":{"0":[2],"1":[2],"2":[0],"3":[0],"4":[0],"5":[0],"6":[0]}}
,"C:\\Users\\ygore\\Documents\\2-areas\\Ulbra\\quinto-semestre\\modelagem-de-software\\aula-1\\src\\rules\\shared\\value-objects\\Registration.ts": {"path":"C:\\Users\\ygore\\Documents\\2-areas\\Ulbra\\quinto-semestre\\modelagem-de-software\\aula-1\\src\\rules\\shared\\value-objects\\Registration.ts","statementMap":{"0":{"start":{"line":3,"column":17},"end":{"line":3,"column":30}},"1":{"start":{"line":5,"column":8},"end":{"line":5,"column":67}},"2":{"start":{"line":5,"column":29},"end":{"line":5,"column":67}},"3":{"start":{"line":1,"column":0},"end":{"line":1,"column":21}}},"fnMap":{"0":{"name":"(anonymous_0)","decl":{"start":{"line":2,"column":4},"end":{"line":2,"column":null}},"loc":{"start":{"line":3,"column":30},"end":{"line":6,"column":5}}}},"branchMap":{"0":{"loc":{"start":{"line":5,"column":8},"end":{"line":5,"column":67}},"type":"if","locations":[{"start":{"line":5,"column":8},"end":{"line":5,"column":67}}]}},"s":{"0":1,"1":1,"2":0,"3":1},"f":{"0":1},"b":{"0":[0]}}
,"C:\\Users\\ygore\\Documents\\2-areas\\Ulbra\\quinto-semestre\\modelagem-de-software\\aula-1\\src\\rules\\student\\application-service\\ShowInformations.ts": {"path":"C:\\Users\\ygore\\Documents\\2-areas\\Ulbra\\quinto-semestre\\modelagem-de-software\\aula-1\\src\\rules\\student\\application-service\\ShowInformations.ts","statementMap":{"0":{"start":{"line":6,"column":8},"end":{"line":6,"column":36}},"1":{"start":{"line":4,"column":0},"end":{"line":4,"column":21}}},"fnMap":{"0":{"name":"(anonymous_0)","decl":{"start":{"line":5,"column":4},"end":{"line":5,"column":11}},"loc":{"start":{"line":5,"column":28},"end":{"line":7,"column":5}}}},"branchMap":{},"s":{"0":1,"1":1},"f":{"0":1},"b":{}}
,"C:\\Users\\ygore\\Documents\\2-areas\\Ulbra\\quinto-semestre\\modelagem-de-software\\aula-1\\src\\rules\\student\\model\\Student.ts": {"path":"C:\\Users\\ygore\\Documents\\2-areas\\Ulbra\\quinto-semestre\\modelagem-de-software\\aula-1\\src\\rules\\student\\model\\Student.ts","statementMap":{"0":{"start":{"line":2,"column":0},"end":{"line":2,"column":43}},"1":{"start":{"line":3,"column":0},"end":{"line":3,"column":51}},"2":{"start":{"line":4,"column":0},"end":{"line":4,"column":53}},"3":{"start":{"line":5,"column":0},"end":{"line":5,"column":69}},"4":{"start":{"line":21,"column":8},"end":{"line":21,"column":19}},"5":{"start":{"line":22,"column":8},"end":{"line":22,"column":35}},"6":{"start":{"line":23,"column":8},"end":{"line":23,"column":59}},"7":{"start":{"line":24,"column":8},"end":{"line":24,"column":32}},"8":{"start":{"line":25,"column":8},"end":{"line":25,"column":29}},"9":{"start":{"line":29,"column":8},"end":{"line":29,"column":141}},"10":{"start":{"line":8,"column":0},"end":{"line":8,"column":21}}},"fnMap":{"0":{"name":"(anonymous_1)","decl":{"start":{"line":14,"column":4},"end":{"line":14,"column":16}},"loc":{"start":{"line":20,"column":19},"end":{"line":26,"column":5}}},"1":{"name":"(anonymous_2)","decl":{"start":{"line":28,"column":4},"end":{"line":28,"column":8}},"loc":{"start":{"line":28,"column":20},"end":{"line":30,"column":5}}}},"branchMap":{},"s":{"0":1,"1":1,"2":1,"3":1,"4":1,"5":1,"6":1,"7":1,"8":1,"9":1,"10":1},"f":{"0":1,"1":1},"b":{}}
}
